<?xml version="1.0" encoding="UTF-8" ?>
<testsuite errors="0" failures="1" hostname="go-away.lan" name="org.genepattern.gpunit.test.BatchModuleTest" skipped="0" tests="2" time="807.135" timestamp="2022-04-29T22:13:39">
  <properties>
    <property name="ant.library.dir" value="/Users/edwinhuang/Documents/Work/Mesirov Lab/GPUnit Files/apache-ant-1.10.12/lib" />
    <property name="gpunit.test.useremail" value="gp-dev@broadinstitute.org" />
    <property name="gpunit.batch.name" value="run_20220429_1513" />
    <property name="check-url.insecure" value="false" />
    <property name="java.specification.version" value="18" />
    <property name="ant.project.name" value="gp-unit" />
    <property name="gp.scheme" value="http" />
    <property name="sun.jnu.encoding" value="UTF-8" />
    <property name="gpunit.testcases.dir.is_set" value="true" />
    <property name="gpunit.properties" value="/Users/edwinhuang/Documents/GitHub/GPUnit/gpunit.properties" />
    <property name="sun.arch.data.model" value="64" />
    <property name="org.objenesis:objenesis:jar" value="/Users/edwinhuang/.m2/repository/org/objenesis/objenesis/1.0/objenesis-1.0.jar" />
    <property name="gpunit.testcases.dir" value="/Users/edwinhuang/Documents/GitHub/Amplicon.Architect/gpunit" />
    <property name="gpunit.testfolder" value="/Users/edwinhuang/Documents/GitHub/Amplicon.Architect/gpunit" />
    <property name="ant.file.gp-unit" value="/Users/edwinhuang/Documents/GitHub/GPUnit/build.xml" />
    <property name="java.vendor.url" value="https://java.oracle.com/" />
    <property name="gp.port" value="" />
    <property name="DSTAMP" value="20220429" />
    <property name="sun.boot.library.path" value="/Users/edwinhuang/Documents/Work/Mesirov Lab/GPUnit Files/jdk-18.jdk/Contents/Home/lib" />
    <property name="sun.java.command" value="org.apache.tools.ant.taskdefs.optional.junit.JUnitTestRunner org.genepattern.gpunit.test.BatchModuleTest skipNonTests=false filtertrace=true haltOnError=false haltOnFailure=false formatter=org.apache.tools.ant.taskdefs.optional.junit.SummaryJUnitResultFormatter showoutput=true outputtoformatters=true logfailedtests=true threadid=0 logtestlistenerevents=false formatter=org.apache.tools.ant.taskdefs.optional.junit.XMLJUnitResultFormatter,/Users/edwinhuang/Documents/GitHub/Amplicon.Architect/gpunit/reports/run_20220429_1513/TEST-all.xml crashfile=/Users/edwinhuang/Documents/GitHub/GPUnit/junitvmwatcher4619255290016386509.properties propsfile=/Users/edwinhuang/Documents/GitHub/GPUnit/junit5266801784050940359.properties" />
    <property name="project.basedir" value="/Users/edwinhuang/Documents/GitHub/GPUnit" />
    <property name="jdk.debug" value="release" />
    <property name="report.run.dir" value="/Users/edwinhuang/Documents/GitHub/Amplicon.Architect/gpunit/reports/run_20220429_1513" />
    <property name="gpunit.server.dir" value="" />
    <property name="sun.stderr.encoding" value="UTF-8" />
    <property name="java.specification.vendor" value="Oracle Corporation" />
    <property name="org.apache.tools.ant.taskdefs.optional.junit.AggregateTransformer0" value="/var/folders/5s/1n1jxq8n3vz5v5gj5vzs8mdm0000gn/T/null1387509928" />
    <property name="check-url.show-error" value="true" />
    <property name="gpunit.test.username" value="test" />
    <property name="java.version.date" value="2022-03-22" />
    <property name="java.home" value="/Users/edwinhuang/Documents/Work/Mesirov Lab/GPUnit Files/jdk-18.jdk/Contents/Home" />
    <property name="org.apache.commons.logging.simplelog.showdatetime" value="true" />
    <property name="basedir" value="/Users/edwinhuang/Documents/GitHub/GPUnit" />
    <property name="file.separator" value="/" />
    <property name="java.vm.compressedOopsMode" value="Zero based" />
    <property name="gpunit.testcases.dir.is_dir" value="true" />
    <property name="line.separator" value="&#xa;" />
    <property name="sun.stdout.encoding" value="UTF-8" />
    <property name="gpunit.testcases.dir.fq_path" value="/Users/edwinhuang/Documents/GitHub/Amplicon.Architect/gpunit" />
    <property name="java.specification.name" value="Java Platform API Specification" />
    <property name="java.vm.specification.vendor" value="Oracle Corporation" />
    <property name="gpunit.save.downloads" value="true" />
    <property name="gpunit.jobCompletionTimeout" value="900" />
    <property name="junit.test.name" value="org.genepattern.gpunit.test.BatchModuleTest" />
    <property name="gpunit.upload.dir" value="" />
    <property name="sun.management.compiler" value="HotSpot 64-Bit Tiered Compilers" />
    <property name="java.runtime.version" value="18+36-2087" />
    <property name="user.name" value="edwinhuang" />
    <property name="check-url.silent" value="true" />
    <property name="file.encoding" value="UTF-8" />
    <property name="ant.file.maven-dependencies" value="/Users/edwinhuang/Documents/GitHub/GPUnit/target/build-dependencies.xml" />
    <property name="org.apache.httpcomponents:httpcore:jar" value="/Users/edwinhuang/.m2/repository/org/apache/httpcomponents/httpcore/4.4.6/httpcore-4.4.6.jar" />
    <property name="gpunit.gpData" value="ftp://ftp.broadinstitute.org/pub/genepattern/datasets" />
    <property name="target.dir" value="/Users/edwinhuang/Documents/GitHub/GPUnit/target" />
    <property name="java.io.tmpdir" value="/var/folders/5s/1n1jxq8n3vz5v5gj5vzs8mdm0000gn/T/" />
    <property name="java.version" value="18" />
    <property name="gpunit.trustStorePassword" value="" />
    <property name="gpunit.testcases.dir.exists" value="true" />
    <property name="commons-codec:commons-codec:jar" value="/Users/edwinhuang/.m2/repository/commons-codec/commons-codec/1.3/commons-codec-1.3.jar" />
    <property name="java.vm.specification.name" value="Java Virtual Machine Specification" />
    <property name="soap.dir" value="/Users/edwinhuang/Documents/GitHub/GPUnit/soap" />
    <property name="ant.home" value="/Users/edwinhuang/Documents/Work/Mesirov Lab/GPUnit Files/apache-ant-1.10.12" />
    <property name="dependency.dir" value="/Users/edwinhuang/Documents/GitHub/GPUnit/target/dependency" />
    <property name="gpunit.testTimeout" value="" />
    <property name="module.git.branch.name" value="master" />
    <property name="org.apache.commons.logging.simplelog.log.org.apache.http.wire" value="ERROR" />
    <property name="com.google.code.gson:gson:jar" value="/Users/edwinhuang/.m2/repository/com/google/code/gson/gson/2.3.1/gson-2.3.1.jar" />
    <property name="native.encoding" value="UTF-8" />
    <property name="ant.version" value="Apache Ant(TM) version 1.10.12 compiled on October 13 2021" />
    <property name="java.library.path" value="/Users/edwinhuang/Library/Java/Extensions:/Library/Java/Extensions:/Network/Library/Java/Extensions:/System/Library/Java/Extensions:/usr/lib/java:." />
    <property name="java.vendor" value="Oracle Corporation" />
    <property name="gp.path" value="/gp" />
    <property name="sun.io.unicode.encoding" value="UnicodeBig" />
    <property name="socksNonProxyHosts" value="local|*.local|169.254/16|*.169.254/16" />
    <property name="junit:junit:jar" value="/Users/edwinhuang/.m2/repository/junit/junit/4.11/junit-4.11.jar" />
    <property name="gpunit.test.userpassword" value="test" />
    <property name="org.mockito:mockito-core:jar" value="/Users/edwinhuang/.m2/repository/org/mockito/mockito-core/1.9.5/mockito-core-1.9.5.jar" />
    <property name="ant.file.type" value="file" />
    <property name="org.tukaani:xz:jar" value="/Users/edwinhuang/.m2/repository/org/tukaani/xz/1.5/xz-1.5.jar" />
    <property name="java.class.path" value="/Users/edwinhuang/Documents/GitHub/GPUnit/classes:/Users/edwinhuang/Documents/GitHub/GPUnit/lib/gp-modules-updated.jar:/Users/edwinhuang/.m2/repository/commons-codec/commons-codec/1.3/commons-codec-1.3.jar:/Users/edwinhuang/.m2/repository/org/apache/commons/commons-compress/1.8/commons-compress-1.8.jar:/Users/edwinhuang/.m2/repository/org/tukaani/xz/1.5/xz-1.5.jar:/Users/edwinhuang/.m2/repository/com/google/code/gson/gson/2.3.1/gson-2.3.1.jar:/Users/edwinhuang/.m2/repository/org/hamcrest/hamcrest-core/1.3/hamcrest-core-1.3.jar:/Users/edwinhuang/.m2/repository/junit/junit/4.11/junit-4.11.jar:/Users/edwinhuang/.m2/repository/org/apache/httpcomponents/httpclient/4.5.3/httpclient-4.5.3.jar:/Users/edwinhuang/.m2/repository/org/apache/httpcomponents/httpcore/4.4.6/httpcore-4.4.6.jar:/Users/edwinhuang/.m2/repository/commons-logging/commons-logging/1.2/commons-logging-1.2.jar:/Users/edwinhuang/.m2/repository/org/yaml/snakeyaml/1.10/snakeyaml-1.10.jar:/Users/edwinhuang/.m2/repository/log4j/log4j/1.2.17/log4j-1.2.17.jar:/Users/edwinhuang/.m2/repository/org/mockito/mockito-core/1.9.5/mockito-core-1.9.5.jar:/Users/edwinhuang/.m2/repository/org/objenesis/objenesis/1.0/objenesis-1.0.jar:/Users/edwinhuang/Documents/GitHub/GPUnit/soap/client/GenePattern.jar:/Users/edwinhuang/Documents/GitHub/GPUnit/soap/client/lib/Jama-1.0.1.jar:/Users/edwinhuang/Documents/GitHub/GPUnit/soap/client/lib/MAGEstk-2003-10-24-v1.1-compatible.jar:/Users/edwinhuang/Documents/GitHub/GPUnit/soap/client/lib/axis.jar:/Users/edwinhuang/Documents/GitHub/GPUnit/soap/client/lib/commons-codec-1.6.jar:/Users/edwinhuang/Documents/GitHub/GPUnit/soap/client/lib/commons-discovery-0.2.jar:/Users/edwinhuang/Documents/GitHub/GPUnit/soap/client/lib/commons-httpclient-3.1.jar:/Users/edwinhuang/Documents/GitHub/GPUnit/soap/client/lib/commons-logging.jar:/Users/edwinhuang/Documents/GitHub/GPUnit/soap/client/lib/gp-modules.jar:/Users/edwinhuang/Documents/GitHub/GPUnit/soap/client/lib/guava-15.0.jar:/Users/edwinhuang/Documents/GitHub/GPUnit/soap/client/lib/javax.mail.jar:/Users/edwinhuang/Documents/GitHub/GPUnit/soap/client/lib/jaxrpc.jar:/Users/edwinhuang/Documents/GitHub/GPUnit/soap/client/lib/log4j-1.2.17.jar:/Users/edwinhuang/Documents/GitHub/GPUnit/soap/client/lib/saaj.jar:/Users/edwinhuang/Documents/GitHub/GPUnit/soap/client/lib/trove.jar:/Users/edwinhuang/Documents/GitHub/GPUnit/soap/client/lib/wsdl4j-1.5.1.jar:/Users/edwinhuang/Documents/Work/Mesirov Lab/GPUnit Files/apache-ant-1.10.12/lib/ant-launcher.jar:/Users/edwinhuang/Documents/Work/Mesirov Lab/GPUnit Files/apache-ant-1.10.12/lib/ant.jar:/Users/edwinhuang/Documents/Work/Mesirov Lab/GPUnit Files/apache-ant-1.10.12/lib/ant-junit.jar:/Users/edwinhuang/Documents/Work/Mesirov Lab/GPUnit Files/apache-ant-1.10.12/lib/ant-junit4.jar" />
    <property name="java.vm.vendor" value="Oracle Corporation" />
    <property name="check-url.head" value="true" />
    <property name="local.dir" value="/Users/edwinhuang/Documents/GitHub/GPUnit/tmp/gp-beta-ami.genepattern.org" />
    <property name="git-shallow-clone.failonerror" value="false" />
    <property name="java.vm.specification.version" value="18" />
    <property name="os.name" value="Mac OS X" />
    <property name="gpunit.delete.jobs" value="false" />
    <property name="gpunit.outputdir" value="/Users/edwinhuang/Documents/GitHub/GPUnit/tmp/gp-beta-ami.genepattern.org/jobResults" />
    <property name="check-url.extra-args" value="" />
    <property name="sun.java.launcher" value="SUN_STANDARD" />
    <property name="user.country" value="US" />
    <property name="commons-logging:commons-logging:jar" value="/Users/edwinhuang/.m2/repository/commons-logging/commons-logging/1.2/commons-logging-1.2.jar" />
    <property name="http.nonProxyHosts" value="local|*.local|169.254/16|*.169.254/16" />
    <property name="gpunit.dirprefix" value="/Users/edwinhuang/Documents/GitHub/Amplicon.Architect/gpunit" />
    <property name="gpunit.dirname" value="gpunit" />
    <property name="gpunit.numThreads" value="5" />
    <property name="sun.cpu.endian" value="little" />
    <property name="user.home" value="/Users/edwinhuang" />
    <property name="user.language" value="en" />
    <property name="org.hamcrest:hamcrest-core:jar" value="/Users/edwinhuang/.m2/repository/org/hamcrest/hamcrest-core/1.3/hamcrest-core-1.3.jar" />
    <property name="ant.java.version" value="18" />
    <property name="log4j:log4j:jar" value="/Users/edwinhuang/.m2/repository/log4j/log4j/1.2.17/log4j-1.2.17.jar" />
    <property name="ant.file.type.gp-unit" value="file" />
    <property name="gpunit.shutdownTimeout" value="" />
    <property name="gpunit.testData" value="ftp://gpftp.broadinstitute.org" />
    <property name="ant.file.type.maven-dependencies" value="file" />
    <property name="apple.awt.application.name" value="JUnitTestRunner" />
    <property name="TSTAMP" value="1513" />
    <property name="gpunit.save.job.json" value="true" />
    <property name="ftp.nonProxyHosts" value="local|*.local|169.254/16|*.169.254/16" />
    <property name="gpunit.testcases.fileset.formatted" value="/Amplicon.Architect_basic_diff_test.yml&#xa;    /Amplicon.Architect_basic_diff_test_2.yml" />
    <property name="ant.file" value="/Users/edwinhuang/Documents/GitHub/GPUnit/build.xml" />
    <property name="pathsep" value="&#xa;    " />
    <property name="path.separator" value=":" />
    <property name="os.version" value="12.3.1" />
    <property name="gp.user" value="edwin5588" />
    <property name="gpunit.testcases" value="/Users/edwinhuang/Documents/GitHub/Amplicon.Architect/gpunit/Amplicon.Architect_basic_diff_test.yml:/Users/edwinhuang/Documents/GitHub/Amplicon.Architect/gpunit/Amplicon.Architect_basic_diff_test_2.yml" />
    <property name="java.runtime.name" value="OpenJDK Runtime Environment" />
    <property name="dependency.versions" value="4.4.6:4.11:4.5.3:1.2.17:1.0:1.2:1.3:1.5:1.10:1.8:1.9.5:2.3.1" />
    <property name="exec.out" value="HTTP/2 200 &#xa;date: Fri, 29 Apr 2022 22:13:38 GMT&#xa;content-type: application/xhtml+xml&#xa;content-length: 5765&#xa;server: Apache-Coyote/1.1&#xa;access-control-allow-origin: *&#xa;access-control-allow-methods: GET, POST, OPTIONS&#xa;access-control-allow-credentials: true&#xa;etag: W/&quot;5765-1643998244000&quot;&#xa;last-modified: Fri, 04 Feb 2022 18:10:44 GMT&#xa;" />
    <property name="ant.project.invoked-targets" value="gpunit" />
    <property name="check-url.fail" value="true" />
    <property name="java.vm.name" value="OpenJDK 64-Bit Server VM" />
    <property name="gpunit.testcase.dirs" value="/Users/edwinhuang/Documents/GitHub/Amplicon.Architect/gpunit/Amplicon.Architect_basic_diff_test.yml:/Users/edwinhuang/Documents/GitHub/Amplicon.Architect/gpunit/Amplicon.Architect_basic_diff_test_2.yml" />
    <property name="org.apache.httpcomponents:httpclient:jar" value="/Users/edwinhuang/.m2/repository/org/apache/httpcomponents/httpclient/4.5.3/httpclient-4.5.3.jar" />
    <property name="report.dir" value="/Users/edwinhuang/Documents/GitHub/Amplicon.Architect/gpunit/reports" />
    <property name="ant.core.lib" value="/Users/edwinhuang/Documents/Work/Mesirov Lab/GPUnit Files/apache-ant-1.10.12/lib/ant.jar" />
    <property name="org.apache.commons:commons-compress:jar" value="/Users/edwinhuang/.m2/repository/org/apache/commons/commons-compress/1.8/commons-compress-1.8.jar" />
    <property name="download-deps.called" value="true" />
    <property name="java.vendor.url.bug" value="https://bugreport.java.com/bugreport/" />
    <property name="gpunit.localAssertions" value="true" />
    <property name="gpunit.includes" value="**/*" />
    <property name="TODAY" value="April 29 2022" />
    <property name="gpunit.regexsuffix" value=".*(\.ya?ml|gp_execution_log\.txt)" />
    <property name="user.dir" value="/Users/edwinhuang/Documents/GitHub/Amplicon.Architect/gpunit" />
    <property name="os.arch" value="aarch64" />
    <property name="gpunit.trustStore" value="" />
    <property name="org.yaml:snakeyaml:jar" value="/Users/edwinhuang/.m2/repository/org/yaml/snakeyaml/1.10/snakeyaml-1.10.jar" />
    <property name="gp.url" value="https://beta.genepattern.org" />
    <property name="java.vm.info" value="mixed mode, sharing" />
    <property name="gp.host" value="gp-beta-ami.genepattern.org" />
    <property name="gpunit.dir" value="/Users/edwinhuang/Documents/GitHub/GPUnit" />
    <property name="java.vm.version" value="18+36-2087" />
    <property name="soap.client.dir" value="/Users/edwinhuang/Documents/GitHub/GPUnit/soap/client" />
    <property name="org.apache.commons.logging.simplelog.log.org.apache.http" value="ERROR" />
    <property name="org.apache.commons.logging.Log" value="org.apache.commons.logging.impl.SimpleLog" />
    <property name="gp.password" value="edwin123" />
    <property name="gpunit.diffStripTrailingCR" value="--strip-trailing-cr" />
    <property name="java.class.version" value="62.0" />
    <property name="gpunit.resultData" value="/xchip/gpdev/gpftp/pub" />
    <property name="ant.project.default-target" value="package" />
  </properties>
  <testcase classname="org.genepattern.gpunit.test.BatchModuleTest" name="gpunit[Amplicon.Architect_difftest_v1_2]" time="762.732">
    <failure message="job #87792, Expecting result file named &apos;TESTX_H7YRLADXX_S1_L001.cs.rmdup.bam&apos;" type="junit.framework.AssertionFailedError">junit.framework.AssertionFailedError: job #87792, Expecting result file named &apos;TESTX_H7YRLADXX_S1_L001.cs.rmdup.bam&apos;
	at org.genepattern.gpunit.validator.JobResultValidatorGeneric.validate(JobResultValidatorGeneric.java:342)
	at org.genepattern.gpunit.exec.rest.RestClientUtil.runTest(RestClientUtil.java:71)
	at org.genepattern.gpunit.test.BatchModuleTest.runTest(BatchModuleTest.java:14)
	at org.genepattern.gpunit.test.AbstractBatchModuleTest.gpunit(AbstractBatchModuleTest.java:268)
	at java.base/jdk.internal.reflect.DirectMethodHandleAccessor.invoke(DirectMethodHandleAccessor.java:104)
</failure>
  </testcase>
  <testcase classname="org.genepattern.gpunit.test.BatchModuleTest" name="gpunit[Amplicon.Architect_difftest_v1]" time="807.099" />
  <system-out><![CDATA[]]></system-out>
  <system-err><![CDATA[]]></system-err>
</testsuite>
